<?xml version="1.0" encoding="UTF-8"?>
<testsuite name="Matrix" tests="4" skipped="0" failures="0" errors="0" timestamp="2022-03-01T01:06:51" hostname="DESKTOP-DCDCAVR" time="4.187">
  <properties/>
  <testcase name="Determinant" classname="Matrix" time="4.169"/>
  <testcase name="Transpose" classname="Matrix" time="0.005"/>
  <testcase name="Inverse" classname="Matrix" time="0.007"/>
  <testcase name="Cofactor" classname="Matrix" time="0.006"/>
  <system-out><![CDATA[]]></system-out>
  <system-err><![CDATA[]]></system-err>
</testsuite>
